[debug] [2021-10-30T18:51:22.515Z] ----------------------------------------------------------------------
[debug] [2021-10-30T18:51:22.519Z] Command:       C:\Program Files\nodejs\node.exe C:\Users\Amdadul Sikder\AppData\Roaming\npm\node_modules\firebase-tools\lib\bin\firebase.js deploy
[debug] [2021-10-30T18:51:22.520Z] CLI Version:   9.21.0
[debug] [2021-10-30T18:51:22.520Z] Platform:      win32
[debug] [2021-10-30T18:51:22.520Z] Node Version:  v14.18.0
[debug] [2021-10-30T18:51:22.521Z] Time:          Sun Oct 31 2021 00:51:22 GMT+0600 (Bangladesh Standard Time)
[debug] [2021-10-30T18:51:22.522Z] ----------------------------------------------------------------------
[debug] 
[debug] [2021-10-30T18:51:22.595Z] > command requires scopes: ["email","openid","https://www.googleapis.com/auth/cloudplatformprojects.readonly","https://www.googleapis.com/auth/firebase","https://www.googleapis.com/auth/cloud-platform"]
[debug] [2021-10-30T18:51:22.596Z] > authorizing via signed-in user (amdadulsikder3@gmail.com)
[debug] [2021-10-30T18:51:22.596Z] [iam] checking project traveler-c90d6 for permissions ["firebase.projects.get","firebasehosting.sites.update"]
[debug] [2021-10-30T18:51:22.599Z] > refreshing access token with scopes: ["email","https://www.googleapis.com/auth/cloud-platform","https://www.googleapis.com/auth/cloudplatformprojects.readonly","https://www.googleapis.com/auth/firebase","openid"]
[debug] [2021-10-30T18:51:22.599Z] >>> HTTP REQUEST POST https://www.googleapis.com/oauth2/v3/token  
 <request body omitted>
[debug] [2021-10-30T18:51:34.080Z] [iam] error while checking permissions, command may fail: FirebaseError: Authentication Error: Your credentials are no longer valid. Please run firebase login --reauth

For CI servers and headless environments, generate a new token with firebase login:ci
[debug] [2021-10-30T18:51:34.082Z] > refreshing access token with scopes: []
[debug] [2021-10-30T18:51:34.083Z] >>> HTTP REQUEST POST https://www.googleapis.com/oauth2/v3/token  
 <request body omitted>
[debug] [2021-10-30T18:51:42.955Z] <<< HTTP RESPONSE 200 {"expires":"Mon, 01 Jan 1990 00:00:00 GMT","cache-control":"no-cache, no-store, max-age=0, must-revalidate","date":"Sat, 30 Oct 2021 18:51:43 GMT","pragma":"no-cache","content-type":"application/json; charset=utf-8","vary":"X-Origin, Referer, Origin,Accept-Encoding","server":"scaffolding on HTTPServer2","x-xss-protection":"0","x-frame-options":"SAMEORIGIN","x-content-type-options":"nosniff","alt-svc":"h3=\":443\"; ma=2592000,h3-29=\":443\"; ma=2592000,h3-Q050=\":443\"; ma=2592000,h3-Q046=\":443\"; ma=2592000,h3-Q043=\":443\"; ma=2592000,quic=\":443\"; ma=2592000; v=\"46,43\"","accept-ranges":"none","transfer-encoding":"chunked"}
[debug] [2021-10-30T18:51:42.975Z] >>> [apiv2][query] GET https://firebase.googleapis.com/v1beta1/projects/traveler-c90d6 [none]
[debug] [2021-10-30T18:51:44.481Z] <<< [apiv2][status] GET https://firebase.googleapis.com/v1beta1/projects/traveler-c90d6 200
[debug] [2021-10-30T18:51:44.481Z] <<< [apiv2][body] GET https://firebase.googleapis.com/v1beta1/projects/traveler-c90d6 {"projectId":"traveler-c90d6","projectNumber":"108407356998","displayName":"Traveler","name":"projects/traveler-c90d6","resources":{"hostingSite":"traveler-c90d6"},"state":"ACTIVE"}
[info] 
[info] === Deploying to 'traveler-c90d6'...
[info] 
[info] i  deploying hosting 
[debug] [2021-10-30T18:51:44.487Z] > refreshing access token with scopes: ["email","https://www.googleapis.com/auth/cloud-platform","https://www.googleapis.com/auth/cloudplatformprojects.readonly","https://www.googleapis.com/auth/firebase","openid"]
[debug] [2021-10-30T18:51:44.488Z] >>> HTTP REQUEST POST https://www.googleapis.com/oauth2/v3/token  
 <request body omitted>
[debug] [2021-10-30T18:51:49.601Z] <<< HTTP RESPONSE 200 {"pragma":"no-cache","expires":"Mon, 01 Jan 1990 00:00:00 GMT","cache-control":"no-cache, no-store, max-age=0, must-revalidate","date":"Sat, 30 Oct 2021 18:51:48 GMT","content-type":"application/json; charset=utf-8","vary":"X-Origin, Referer, Origin,Accept-Encoding","server":"scaffolding on HTTPServer2","x-xss-protection":"0","x-frame-options":"SAMEORIGIN","x-content-type-options":"nosniff","alt-svc":"h3=\":443\"; ma=2592000,h3-29=\":443\"; ma=2592000,h3-Q050=\":443\"; ma=2592000,h3-Q046=\":443\"; ma=2592000,h3-Q043=\":443\"; ma=2592000,quic=\":443\"; ma=2592000; v=\"46,43\"","accept-ranges":"none","transfer-encoding":"chunked"}
[debug] [2021-10-30T18:51:49.616Z] >>> HTTP REQUEST POST https://firebasehosting.googleapis.com/v1beta1/sites/traveler-c90d6/versions  
 {"config":{"rewrites":[{"glob":"**","path":"/index.html"}]},"labels":{"deployment-tool":"cli-firebase"}}
[debug] [2021-10-30T18:51:52.265Z] <<< HTTP RESPONSE 200 {"content-type":"application/json; charset=UTF-8","vary":"X-Origin, Referer, Origin,Accept-Encoding","date":"Sat, 30 Oct 2021 18:51:52 GMT","server":"ESF","cache-control":"private","x-xss-protection":"0","x-frame-options":"SAMEORIGIN","x-content-type-options":"nosniff","alt-svc":"h3=\":443\"; ma=2592000,h3-29=\":443\"; ma=2592000,h3-Q050=\":443\"; ma=2592000,h3-Q046=\":443\"; ma=2592000,h3-Q043=\":443\"; ma=2592000,quic=\":443\"; ma=2592000; v=\"46,43\"","accept-ranges":"none","transfer-encoding":"chunked"}
[info] i  hosting[traveler-c90d6]: beginning deploy... 
[info] i  hosting[traveler-c90d6]: found 21 files in build 
[debug] [2021-10-30T18:51:52.509Z] > refreshing access token with scopes: []
[debug] [2021-10-30T18:51:52.509Z] >>> HTTP REQUEST POST https://www.googleapis.com/oauth2/v3/token  
 <request body omitted>
[debug] [2021-10-30T18:51:52.513Z] [hosting] hash cache [YnVpbGQ] stored for 21 files
[debug] [2021-10-30T18:51:52.513Z] [hosting][hash queue][FINAL] {"max":212,"min":4,"avg":22.428571428571427,"active":0,"complete":21,"success":21,"errored":0,"retried":0,"total":21,"elapsed":221}
[debug] [2021-10-30T18:51:55.143Z] <<< HTTP RESPONSE 200 {"pragma":"no-cache","date":"Sat, 30 Oct 2021 18:51:55 GMT","expires":"Mon, 01 Jan 1990 00:00:00 GMT","cache-control":"no-cache, no-store, max-age=0, must-revalidate","content-type":"application/json; charset=utf-8","vary":"X-Origin, Referer, Origin,Accept-Encoding","server":"scaffolding on HTTPServer2","x-xss-protection":"0","x-frame-options":"SAMEORIGIN","x-content-type-options":"nosniff","alt-svc":"h3=\":443\"; ma=2592000,h3-29=\":443\"; ma=2592000,h3-Q050=\":443\"; ma=2592000,h3-Q046=\":443\"; ma=2592000,h3-Q043=\":443\"; ma=2592000,quic=\":443\"; ma=2592000; v=\"46,43\"","accept-ranges":"none","transfer-encoding":"chunked"}
[debug] [2021-10-30T18:51:55.155Z] >>> [apiv2][query] POST https://firebasehosting.googleapis.com/v1beta1/sites/traveler-c90d6/versions/fea079c86151d3e1:populateFiles [none]
[debug] [2021-10-30T18:51:55.156Z] >>> [apiv2][body] POST https://firebasehosting.googleapis.com/v1beta1/sites/traveler-c90d6/versions/fea079c86151d3e1:populateFiles {"files":{"/favicon.ico":"eae62e993eb980ec8a25058c39d5a51feab118bd2100c4deebb2a9c158ec11f9","/logo192.png":"3ee59515172ee198f3be375979df15ac5345183e656720a381b8872b2a39dc8b","/logo512.png":"ee7e2f3fdb8209c4b6fd7bef6ba50d1b9dba30a25bb5c3126df057e1cb6f5331","/manifest.json":"aff3449bdc238776f5d6d967f19ec491b36aed5fb7f23ccff6500736fd58494a","/robots.txt":"bfe106a3fb878dc83461c86818bf74fc1bdc7f28538ba613cd3e775516ce8b49","/tourPackages.json":"cef1659db14213f30f4a6ec6331cbf36b1facb0cf36c6e3186b92b26d42ff6f2","/asset-manifest.json":"f63a49e09c2ffcaf8c200c49eae528ae1f1854f3bc8b2c4998ee26e8b9e5f00a","/index.html":"cc684d4528da33d7381e66321700b9b6053517f64550f86f9477f76dc4728061","/static/css/main.6a881208.chunk.css":"df723848da2b9ee18f896f07d5a1815e612c45aa423d6b2b4c8acde79a1389ec","/static/css/main.6a881208.chunk.css.map":"fbc2ce661a0cd5671afe8e085e7693ab673d4048cad83b258503ef7d59d97be6","/static/js/2.20d45450.chunk.js.LICENSE.txt":"68b16697969801057d3e0deb105ae8509867a6ae2629d732d8100d885b17e4c5","/static/js/3.73527bc3.chunk.js":"39197e0f1f973c9ed7f2509ae2c822c4388673bae5bbc51e1d9df69958d8fcdb","/static/js/3.73527bc3.chunk.js.map":"637f7153d624d194b559a2b7b0758fce8d8a179b3060edf63d4c95fb4ca24803","/static/js/main.0ddae17f.chunk.js":"fb61f9df766deec5f60d7dc0cd6187623e77547d11945bd18dc398df05e959f6","/static/js/runtime-main.a2847d4c.js":"a3445326620d6fa1c1efa85b18f5e429cb83f1ce712daf024b842c9a441168d5","/static/js/runtime-main.a2847d4c.js.map":"fbce3ac1ba3224a507f79668b8f7bd4cc409dcb2b2dcd6938f998776497dc697","/static/js/main.0ddae17f.chunk.js.map":"60b709a19aa484f78a838ddda29f270d6e32ca8fe73751f10878465f111aa8b7","/static/css/2.0a9ec390.chunk.css":"e00cd4cd68f8f88e9a664ea068d294785d52d226ae90c6cfe2476e109af734b2","/static/js/2.20d45450.chunk.js":"c88a0a02e68863de9a6743597d9c44f63b7f1ca8b13ce004a35c9330a024fb0c","/static/css/2.0a9ec390.chunk.css.map":"6e3cdf3362e6e01e050aa97c696f365c227135a678ac1bbc7eae52585353ec10","/static/js/2.20d45450.chunk.js.map":"5b89f9ded81d3006c7d3f806689369112a88ce4f1f0a362290f2a4d39c45a972"}}
[debug] [2021-10-30T18:51:56.997Z] <<< [apiv2][status] POST https://firebasehosting.googleapis.com/v1beta1/sites/traveler-c90d6/versions/fea079c86151d3e1:populateFiles 200
[debug] [2021-10-30T18:51:56.998Z] <<< [apiv2][body] POST https://firebasehosting.googleapis.com/v1beta1/sites/traveler-c90d6/versions/fea079c86151d3e1:populateFiles {"uploadRequiredHashes":["fb61f9df766deec5f60d7dc0cd6187623e77547d11945bd18dc398df05e959f6","5b89f9ded81d3006c7d3f806689369112a88ce4f1f0a362290f2a4d39c45a972","cc684d4528da33d7381e66321700b9b6053517f64550f86f9477f76dc4728061","f63a49e09c2ffcaf8c200c49eae528ae1f1854f3bc8b2c4998ee26e8b9e5f00a","fbc2ce661a0cd5671afe8e085e7693ab673d4048cad83b258503ef7d59d97be6","60b709a19aa484f78a838ddda29f270d6e32ca8fe73751f10878465f111aa8b7","df723848da2b9ee18f896f07d5a1815e612c45aa423d6b2b4c8acde79a1389ec","c88a0a02e68863de9a6743597d9c44f63b7f1ca8b13ce004a35c9330a024fb0c"],"uploadUrl":"https://upload-firebasehosting.googleapis.com/upload/sites/traveler-c90d6/versions/fea079c86151d3e1/files"}
[debug] [2021-10-30T18:51:57.002Z] >>> [apiv2][query] POST https://upload-firebasehosting.googleapis.com/upload/sites/traveler-c90d6/versions/fea079c86151d3e1/files/fb61f9df766deec5f60d7dc0cd6187623e77547d11945bd18dc398df05e959f6 [none]
[debug] [2021-10-30T18:51:57.003Z] >>> [apiv2][body] POST https://upload-firebasehosting.googleapis.com/upload/sites/traveler-c90d6/versions/fea079c86151d3e1/files/fb61f9df766deec5f60d7dc0cd6187623e77547d11945bd18dc398df05e959f6 [stream]
[debug] [2021-10-30T18:51:57.005Z] >>> [apiv2][query] POST https://upload-firebasehosting.googleapis.com/upload/sites/traveler-c90d6/versions/fea079c86151d3e1/files/5b89f9ded81d3006c7d3f806689369112a88ce4f1f0a362290f2a4d39c45a972 [none]
[debug] [2021-10-30T18:51:57.005Z] >>> [apiv2][body] POST https://upload-firebasehosting.googleapis.com/upload/sites/traveler-c90d6/versions/fea079c86151d3e1/files/5b89f9ded81d3006c7d3f806689369112a88ce4f1f0a362290f2a4d39c45a972 [stream]
[debug] [2021-10-30T18:51:57.008Z] >>> [apiv2][query] POST https://upload-firebasehosting.googleapis.com/upload/sites/traveler-c90d6/versions/fea079c86151d3e1/files/cc684d4528da33d7381e66321700b9b6053517f64550f86f9477f76dc4728061 [none]
[debug] [2021-10-30T18:51:57.008Z] >>> [apiv2][body] POST https://upload-firebasehosting.googleapis.com/upload/sites/traveler-c90d6/versions/fea079c86151d3e1/files/cc684d4528da33d7381e66321700b9b6053517f64550f86f9477f76dc4728061 [stream]
[debug] [2021-10-30T18:51:57.009Z] >>> [apiv2][query] POST https://upload-firebasehosting.googleapis.com/upload/sites/traveler-c90d6/versions/fea079c86151d3e1/files/f63a49e09c2ffcaf8c200c49eae528ae1f1854f3bc8b2c4998ee26e8b9e5f00a [none]
[debug] [2021-10-30T18:51:57.010Z] >>> [apiv2][body] POST https://upload-firebasehosting.googleapis.com/upload/sites/traveler-c90d6/versions/fea079c86151d3e1/files/f63a49e09c2ffcaf8c200c49eae528ae1f1854f3bc8b2c4998ee26e8b9e5f00a [stream]
[debug] [2021-10-30T18:51:57.012Z] >>> [apiv2][query] POST https://upload-firebasehosting.googleapis.com/upload/sites/traveler-c90d6/versions/fea079c86151d3e1/files/fbc2ce661a0cd5671afe8e085e7693ab673d4048cad83b258503ef7d59d97be6 [none]
[debug] [2021-10-30T18:51:57.012Z] >>> [apiv2][body] POST https://upload-firebasehosting.googleapis.com/upload/sites/traveler-c90d6/versions/fea079c86151d3e1/files/fbc2ce661a0cd5671afe8e085e7693ab673d4048cad83b258503ef7d59d97be6 [stream]
[debug] [2021-10-30T18:51:57.013Z] >>> [apiv2][query] POST https://upload-firebasehosting.googleapis.com/upload/sites/traveler-c90d6/versions/fea079c86151d3e1/files/60b709a19aa484f78a838ddda29f270d6e32ca8fe73751f10878465f111aa8b7 [none]
[debug] [2021-10-30T18:51:57.014Z] >>> [apiv2][body] POST https://upload-firebasehosting.googleapis.com/upload/sites/traveler-c90d6/versions/fea079c86151d3e1/files/60b709a19aa484f78a838ddda29f270d6e32ca8fe73751f10878465f111aa8b7 [stream]
[debug] [2021-10-30T18:51:57.015Z] >>> [apiv2][query] POST https://upload-firebasehosting.googleapis.com/upload/sites/traveler-c90d6/versions/fea079c86151d3e1/files/df723848da2b9ee18f896f07d5a1815e612c45aa423d6b2b4c8acde79a1389ec [none]
[debug] [2021-10-30T18:51:57.015Z] >>> [apiv2][body] POST https://upload-firebasehosting.googleapis.com/upload/sites/traveler-c90d6/versions/fea079c86151d3e1/files/df723848da2b9ee18f896f07d5a1815e612c45aa423d6b2b4c8acde79a1389ec [stream]
[debug] [2021-10-30T18:51:57.017Z] >>> [apiv2][query] POST https://upload-firebasehosting.googleapis.com/upload/sites/traveler-c90d6/versions/fea079c86151d3e1/files/c88a0a02e68863de9a6743597d9c44f63b7f1ca8b13ce004a35c9330a024fb0c [none]
[debug] [2021-10-30T18:51:57.017Z] >>> [apiv2][body] POST https://upload-firebasehosting.googleapis.com/upload/sites/traveler-c90d6/versions/fea079c86151d3e1/files/c88a0a02e68863de9a6743597d9c44f63b7f1ca8b13ce004a35c9330a024fb0c [stream]
[debug] [2021-10-30T18:51:57.018Z] [hosting][populate queue][FINAL] {"max":4493,"min":4493,"avg":4493,"active":0,"complete":1,"success":1,"errored":0,"retried":0,"total":1,"elapsed":4509}
[debug] [2021-10-30T18:51:57.018Z] [hosting] uploads queued: 8
[debug] [2021-10-30T18:51:59.562Z] <<< [apiv2][status] POST https://upload-firebasehosting.googleapis.com/upload/sites/traveler-c90d6/versions/fea079c86151d3e1/files/cc684d4528da33d7381e66321700b9b6053517f64550f86f9477f76dc4728061 200
[debug] [2021-10-30T18:51:59.562Z] <<< [apiv2][body] POST https://upload-firebasehosting.googleapis.com/upload/sites/traveler-c90d6/versions/fea079c86151d3e1/files/cc684d4528da33d7381e66321700b9b6053517f64550f86f9477f76dc4728061 [stream]
[debug] [2021-10-30T18:52:00.256Z] <<< [apiv2][status] POST https://upload-firebasehosting.googleapis.com/upload/sites/traveler-c90d6/versions/fea079c86151d3e1/files/60b709a19aa484f78a838ddda29f270d6e32ca8fe73751f10878465f111aa8b7 200
[debug] [2021-10-30T18:52:00.257Z] <<< [apiv2][body] POST https://upload-firebasehosting.googleapis.com/upload/sites/traveler-c90d6/versions/fea079c86151d3e1/files/60b709a19aa484f78a838ddda29f270d6e32ca8fe73751f10878465f111aa8b7 [stream]
[debug] [2021-10-30T18:52:00.659Z] <<< [apiv2][status] POST https://upload-firebasehosting.googleapis.com/upload/sites/traveler-c90d6/versions/fea079c86151d3e1/files/df723848da2b9ee18f896f07d5a1815e612c45aa423d6b2b4c8acde79a1389ec 200
[debug] [2021-10-30T18:52:00.659Z] <<< [apiv2][body] POST https://upload-firebasehosting.googleapis.com/upload/sites/traveler-c90d6/versions/fea079c86151d3e1/files/df723848da2b9ee18f896f07d5a1815e612c45aa423d6b2b4c8acde79a1389ec [stream]
[debug] [2021-10-30T18:52:00.936Z] <<< [apiv2][status] POST https://upload-firebasehosting.googleapis.com/upload/sites/traveler-c90d6/versions/fea079c86151d3e1/files/5b89f9ded81d3006c7d3f806689369112a88ce4f1f0a362290f2a4d39c45a972 200
[debug] [2021-10-30T18:52:00.936Z] <<< [apiv2][body] POST https://upload-firebasehosting.googleapis.com/upload/sites/traveler-c90d6/versions/fea079c86151d3e1/files/5b89f9ded81d3006c7d3f806689369112a88ce4f1f0a362290f2a4d39c45a972 [stream]
[debug] [2021-10-30T18:52:01.097Z] <<< [apiv2][status] POST https://upload-firebasehosting.googleapis.com/upload/sites/traveler-c90d6/versions/fea079c86151d3e1/files/f63a49e09c2ffcaf8c200c49eae528ae1f1854f3bc8b2c4998ee26e8b9e5f00a 200
[debug] [2021-10-30T18:52:01.097Z] <<< [apiv2][body] POST https://upload-firebasehosting.googleapis.com/upload/sites/traveler-c90d6/versions/fea079c86151d3e1/files/f63a49e09c2ffcaf8c200c49eae528ae1f1854f3bc8b2c4998ee26e8b9e5f00a [stream]
[debug] [2021-10-30T18:52:03.430Z] <<< [apiv2][status] POST https://upload-firebasehosting.googleapis.com/upload/sites/traveler-c90d6/versions/fea079c86151d3e1/files/c88a0a02e68863de9a6743597d9c44f63b7f1ca8b13ce004a35c9330a024fb0c 200
[debug] [2021-10-30T18:52:03.431Z] <<< [apiv2][body] POST https://upload-firebasehosting.googleapis.com/upload/sites/traveler-c90d6/versions/fea079c86151d3e1/files/c88a0a02e68863de9a6743597d9c44f63b7f1ca8b13ce004a35c9330a024fb0c [stream]
[debug] [2021-10-30T18:52:03.758Z] <<< [apiv2][status] POST https://upload-firebasehosting.googleapis.com/upload/sites/traveler-c90d6/versions/fea079c86151d3e1/files/fbc2ce661a0cd5671afe8e085e7693ab673d4048cad83b258503ef7d59d97be6 200
[debug] [2021-10-30T18:52:03.758Z] <<< [apiv2][body] POST https://upload-firebasehosting.googleapis.com/upload/sites/traveler-c90d6/versions/fea079c86151d3e1/files/fbc2ce661a0cd5671afe8e085e7693ab673d4048cad83b258503ef7d59d97be6 [stream]
[debug] [2021-10-30T18:52:03.760Z] <<< [apiv2][status] POST https://upload-firebasehosting.googleapis.com/upload/sites/traveler-c90d6/versions/fea079c86151d3e1/files/fb61f9df766deec5f60d7dc0cd6187623e77547d11945bd18dc398df05e959f6 200
[debug] [2021-10-30T18:52:03.760Z] <<< [apiv2][body] POST https://upload-firebasehosting.googleapis.com/upload/sites/traveler-c90d6/versions/fea079c86151d3e1/files/fb61f9df766deec5f60d7dc0cd6187623e77547d11945bd18dc398df05e959f6 [stream]
[debug] [2021-10-30T18:52:03.760Z] [hosting][upload queue][FINAL] {"max":6762,"min":2563,"avg":4682.125,"active":0,"complete":8,"success":8,"errored":0,"retried":0,"total":8,"elapsed":6762}
[info] +  hosting[traveler-c90d6]: file upload complete 
[debug] [2021-10-30T18:52:03.762Z] [hosting] deploy completed after 11494ms
[debug] [2021-10-30T18:52:03.766Z] [
  {
    "config": {
      "public": "build",
      "rewrites": [
        {
          "source": "**",
          "destination": "/index.html"
        }
      ],
      "ignore": [
        "firebase.json",
        "**/.*",
        "**/node_modules/**"
      ],
      "site": "traveler-c90d6"
    },
    "site": "traveler-c90d6",
    "version": "sites/traveler-c90d6/versions/fea079c86151d3e1"
  }
]
[info] i  hosting[traveler-c90d6]: finalizing version... 
[debug] [2021-10-30T18:52:03.767Z] > refreshing access token with scopes: ["email","https://www.googleapis.com/auth/cloud-platform","https://www.googleapis.com/auth/cloudplatformprojects.readonly","https://www.googleapis.com/auth/firebase","openid"]
[debug] [2021-10-30T18:52:03.767Z] >>> HTTP REQUEST POST https://www.googleapis.com/oauth2/v3/token  
 <request body omitted>
[debug] [2021-10-30T18:52:04.273Z] <<< HTTP RESPONSE 200 {"date":"Sat, 30 Oct 2021 18:52:04 GMT","cache-control":"no-cache, no-store, max-age=0, must-revalidate","pragma":"no-cache","expires":"Mon, 01 Jan 1990 00:00:00 GMT","content-type":"application/json; charset=utf-8","vary":"X-Origin, Referer, Origin,Accept-Encoding","server":"scaffolding on HTTPServer2","x-xss-protection":"0","x-frame-options":"SAMEORIGIN","x-content-type-options":"nosniff","alt-svc":"h3=\":443\"; ma=2592000,h3-29=\":443\"; ma=2592000,h3-Q050=\":443\"; ma=2592000,h3-Q046=\":443\"; ma=2592000,h3-Q043=\":443\"; ma=2592000,quic=\":443\"; ma=2592000; v=\"46,43\"","accept-ranges":"none","transfer-encoding":"chunked"}
[debug] [2021-10-30T18:52:04.289Z] >>> HTTP REQUEST PATCH https://firebasehosting.googleapis.com/v1beta1/sites/traveler-c90d6/versions/fea079c86151d3e1?updateMask=status  
 {"status":"FINALIZED"}
[debug] [2021-10-30T18:52:06.976Z] <<< HTTP RESPONSE 200 {"content-type":"application/json; charset=UTF-8","vary":"X-Origin, Referer, Origin,Accept-Encoding","date":"Sat, 30 Oct 2021 18:52:06 GMT","server":"ESF","cache-control":"private","x-xss-protection":"0","x-frame-options":"SAMEORIGIN","x-content-type-options":"nosniff","alt-svc":"h3=\":443\"; ma=2592000,h3-29=\":443\"; ma=2592000,h3-Q050=\":443\"; ma=2592000,h3-Q046=\":443\"; ma=2592000,h3-Q043=\":443\"; ma=2592000,quic=\":443\"; ma=2592000; v=\"46,43\"","accept-ranges":"none","transfer-encoding":"chunked"}
[debug] [2021-10-30T18:52:06.977Z] [hosting] finalized version for traveler-c90d6: {"name":"sites/traveler-c90d6/versions/fea079c86151d3e1","status":"FINALIZED","config":{"rewrites":[{"glob":"**","path":"/index.html"}]},"labels":{"deployment-tool":"cli-firebase"},"createTime":"2021-10-30T18:51:52.534053Z","createUser":{"email":"amdadulsikder3@gmail.com"},"finalizeTime":"2021-10-30T18:52:06.752602Z","finalizeUser":{"email":"amdadulsikder3@gmail.com"}}
[info] +  hosting[traveler-c90d6]: version finalized 
[info] i  hosting[traveler-c90d6]: releasing new version... 
[debug] [2021-10-30T18:52:06.979Z] >>> HTTP REQUEST POST https://firebasehosting.googleapis.com/v1beta1/sites/traveler-c90d6/releases?version_name=sites/traveler-c90d6/versions/fea079c86151d3e1  
 {"message":null}
[debug] [2021-10-30T18:52:12.828Z] <<< HTTP RESPONSE 200 {"content-type":"application/json; charset=UTF-8","vary":"X-Origin, Referer, Origin,Accept-Encoding","date":"Sat, 30 Oct 2021 18:52:11 GMT","server":"ESF","cache-control":"private","x-xss-protection":"0","x-frame-options":"SAMEORIGIN","x-content-type-options":"nosniff","alt-svc":"h3=\":443\"; ma=2592000,h3-29=\":443\"; ma=2592000,h3-Q050=\":443\"; ma=2592000,h3-Q046=\":443\"; ma=2592000,h3-Q043=\":443\"; ma=2592000,quic=\":443\"; ma=2592000; v=\"46,43\"","accept-ranges":"none","transfer-encoding":"chunked"}
[debug] [2021-10-30T18:52:12.829Z] [hosting] release: {"name":"sites/traveler-c90d6/releases/1635619930514929","version":{"name":"sites/traveler-c90d6/versions/fea079c86151d3e1","status":"FINALIZED","config":{"rewrites":[{"glob":"**","path":"/index.html"}]},"labels":{"deployment-tool":"cli-firebase"},"createTime":"2021-10-30T18:51:52.534053Z","createUser":{"email":"amdadulsikder3@gmail.com"},"finalizeTime":"2021-10-30T18:52:06.752602Z","finalizeUser":{"email":"amdadulsikder3@gmail.com"}},"type":"DEPLOY","releaseTime":"2021-10-30T18:52:10.514929154Z","releaseUser":{"email":"amdadulsikder3@gmail.com"}}
[info] +  hosting[traveler-c90d6]: release complete 
[info] 
[info] +  Deploy complete! 
[info] 
[info] Project Console: https://console.firebase.google.com/project/traveler-c90d6/overview
[info] Hosting URL: https://traveler-c90d6.web.app
[debug] [2021-10-30T18:55:37.906Z] ----------------------------------------------------------------------
[debug] [2021-10-30T18:55:37.910Z] Command:       C:\Program Files\nodejs\node.exe C:\Users\Amdadul Sikder\AppData\Roaming\npm\node_modules\firebase-tools\lib\bin\firebase.js deploy
[debug] [2021-10-30T18:55:37.911Z] CLI Version:   9.21.0
[debug] [2021-10-30T18:55:37.911Z] Platform:      win32
[debug] [2021-10-30T18:55:37.911Z] Node Version:  v14.18.0
[debug] [2021-10-30T18:55:37.913Z] Time:          Sun Oct 31 2021 00:55:37 GMT+0600 (Bangladesh Standard Time)
[debug] [2021-10-30T18:55:37.913Z] ----------------------------------------------------------------------
[debug] 
[debug] [2021-10-30T18:55:37.981Z] > command requires scopes: ["email","openid","https://www.googleapis.com/auth/cloudplatformprojects.readonly","https://www.googleapis.com/auth/firebase","https://www.googleapis.com/auth/cloud-platform"]
[debug] [2021-10-30T18:55:37.981Z] > authorizing via signed-in user (amdadulsikder3@gmail.com)
[debug] [2021-10-30T18:55:37.981Z] [iam] checking project traveler-c90d6 for permissions ["firebase.projects.get","firebasehosting.sites.update"]
[debug] [2021-10-30T18:55:37.984Z] >>> HTTP REQUEST POST https://cloudresourcemanager.googleapis.com/v1/projects/traveler-c90d6:testIamPermissions  
 {"permissions":["firebase.projects.get","firebasehosting.sites.update"]}
[debug] [2021-10-30T18:55:40.122Z] <<< HTTP RESPONSE 200 {"content-type":"application/json; charset=UTF-8","vary":"X-Origin, Referer, Origin,Accept-Encoding","date":"Sat, 30 Oct 2021 18:55:40 GMT","server":"ESF","cache-control":"private","x-xss-protection":"0","x-frame-options":"SAMEORIGIN","x-content-type-options":"nosniff","server-timing":"gfet4t7; dur=1176","alt-svc":"h3=\":443\"; ma=2592000,h3-29=\":443\"; ma=2592000,h3-Q050=\":443\"; ma=2592000,h3-Q046=\":443\"; ma=2592000,h3-Q043=\":443\"; ma=2592000,quic=\":443\"; ma=2592000; v=\"46,43\"","accept-ranges":"none","transfer-encoding":"chunked"}
[debug] [2021-10-30T18:55:40.125Z] > refreshing access token with scopes: []
[debug] [2021-10-30T18:55:40.125Z] >>> HTTP REQUEST POST https://www.googleapis.com/oauth2/v3/token  
 <request body omitted>
[debug] [2021-10-30T18:55:40.509Z] <<< HTTP RESPONSE 200 {"pragma":"no-cache","date":"Sat, 30 Oct 2021 18:55:41 GMT","expires":"Mon, 01 Jan 1990 00:00:00 GMT","cache-control":"no-cache, no-store, max-age=0, must-revalidate","content-type":"application/json; charset=utf-8","vary":"X-Origin, Referer, Origin,Accept-Encoding","server":"scaffolding on HTTPServer2","x-xss-protection":"0","x-frame-options":"SAMEORIGIN","x-content-type-options":"nosniff","alt-svc":"h3=\":443\"; ma=2592000,h3-29=\":443\"; ma=2592000,h3-Q050=\":443\"; ma=2592000,h3-Q046=\":443\"; ma=2592000,h3-Q043=\":443\"; ma=2592000,quic=\":443\"; ma=2592000; v=\"46,43\"","accept-ranges":"none","transfer-encoding":"chunked"}
[debug] [2021-10-30T18:55:40.526Z] >>> [apiv2][query] GET https://firebase.googleapis.com/v1beta1/projects/traveler-c90d6 [none]
[debug] [2021-10-30T18:55:41.125Z] <<< [apiv2][status] GET https://firebase.googleapis.com/v1beta1/projects/traveler-c90d6 200
[debug] [2021-10-30T18:55:41.125Z] <<< [apiv2][body] GET https://firebase.googleapis.com/v1beta1/projects/traveler-c90d6 {"projectId":"traveler-c90d6","projectNumber":"108407356998","displayName":"Traveler","name":"projects/traveler-c90d6","resources":{"hostingSite":"traveler-c90d6"},"state":"ACTIVE"}
[info] 
[info] === Deploying to 'traveler-c90d6'...
[info] 
[info] i  deploying hosting 
[debug] [2021-10-30T18:55:41.132Z] > refreshing access token with scopes: ["email","https://www.googleapis.com/auth/cloud-platform","https://www.googleapis.com/auth/cloudplatformprojects.readonly","https://www.googleapis.com/auth/firebase","openid"]
[debug] [2021-10-30T18:55:41.132Z] >>> HTTP REQUEST POST https://www.googleapis.com/oauth2/v3/token  
 <request body omitted>
[debug] [2021-10-30T18:55:41.627Z] <<< HTTP RESPONSE 200 {"date":"Sat, 30 Oct 2021 18:55:42 GMT","pragma":"no-cache","expires":"Mon, 01 Jan 1990 00:00:00 GMT","cache-control":"no-cache, no-store, max-age=0, must-revalidate","content-type":"application/json; charset=utf-8","vary":"X-Origin, Referer, Origin,Accept-Encoding","server":"scaffolding on HTTPServer2","x-xss-protection":"0","x-frame-options":"SAMEORIGIN","x-content-type-options":"nosniff","alt-svc":"h3=\":443\"; ma=2592000,h3-29=\":443\"; ma=2592000,h3-Q050=\":443\"; ma=2592000,h3-Q046=\":443\"; ma=2592000,h3-Q043=\":443\"; ma=2592000,quic=\":443\"; ma=2592000; v=\"46,43\"","accept-ranges":"none","transfer-encoding":"chunked"}
[debug] [2021-10-30T18:55:41.641Z] >>> HTTP REQUEST POST https://firebasehosting.googleapis.com/v1beta1/sites/traveler-c90d6/versions  
 {"config":{"rewrites":[{"glob":"**","path":"/index.html"}]},"labels":{"deployment-tool":"cli-firebase"}}
[debug] [2021-10-30T18:55:43.696Z] <<< HTTP RESPONSE 200 {"content-type":"application/json; charset=UTF-8","vary":"X-Origin, Referer, Origin,Accept-Encoding","date":"Sat, 30 Oct 2021 18:55:44 GMT","server":"ESF","cache-control":"private","x-xss-protection":"0","x-frame-options":"SAMEORIGIN","x-content-type-options":"nosniff","alt-svc":"h3=\":443\"; ma=2592000,h3-29=\":443\"; ma=2592000,h3-Q050=\":443\"; ma=2592000,h3-Q046=\":443\"; ma=2592000,h3-Q043=\":443\"; ma=2592000,quic=\":443\"; ma=2592000; v=\"46,43\"","accept-ranges":"none","transfer-encoding":"chunked"}
[info] i  hosting[traveler-c90d6]: beginning deploy... 
[info] i  hosting[traveler-c90d6]: found 21 files in build 
[debug] [2021-10-30T18:55:43.940Z] > refreshing access token with scopes: []
[debug] [2021-10-30T18:55:43.940Z] >>> HTTP REQUEST POST https://www.googleapis.com/oauth2/v3/token  
 <request body omitted>
[debug] [2021-10-30T18:55:43.943Z] [hosting] hash cache [YnVpbGQ] stored for 21 files
[debug] [2021-10-30T18:55:43.944Z] [hosting][hash queue][FINAL] {"max":213,"min":6,"avg":23.523809523809526,"active":0,"complete":21,"success":21,"errored":0,"retried":0,"total":21,"elapsed":226}
[debug] [2021-10-30T18:55:45.333Z] <<< HTTP RESPONSE 200 {"expires":"Mon, 01 Jan 1990 00:00:00 GMT","date":"Sat, 30 Oct 2021 18:55:46 GMT","pragma":"no-cache","cache-control":"no-cache, no-store, max-age=0, must-revalidate","content-type":"application/json; charset=utf-8","vary":"X-Origin, Referer, Origin,Accept-Encoding","server":"scaffolding on HTTPServer2","x-xss-protection":"0","x-frame-options":"SAMEORIGIN","x-content-type-options":"nosniff","alt-svc":"h3=\":443\"; ma=2592000,h3-29=\":443\"; ma=2592000,h3-Q050=\":443\"; ma=2592000,h3-Q046=\":443\"; ma=2592000,h3-Q043=\":443\"; ma=2592000,quic=\":443\"; ma=2592000; v=\"46,43\"","accept-ranges":"none","transfer-encoding":"chunked"}
[debug] [2021-10-30T18:55:45.348Z] >>> [apiv2][query] POST https://firebasehosting.googleapis.com/v1beta1/sites/traveler-c90d6/versions/c7d2eb4227d99ed1:populateFiles [none]
[debug] [2021-10-30T18:55:45.349Z] >>> [apiv2][body] POST https://firebasehosting.googleapis.com/v1beta1/sites/traveler-c90d6/versions/c7d2eb4227d99ed1:populateFiles {"files":{"/favicon.ico":"eae62e993eb980ec8a25058c39d5a51feab118bd2100c4deebb2a9c158ec11f9","/logo192.png":"3ee59515172ee198f3be375979df15ac5345183e656720a381b8872b2a39dc8b","/logo512.png":"ee7e2f3fdb8209c4b6fd7bef6ba50d1b9dba30a25bb5c3126df057e1cb6f5331","/manifest.json":"aff3449bdc238776f5d6d967f19ec491b36aed5fb7f23ccff6500736fd58494a","/robots.txt":"bfe106a3fb878dc83461c86818bf74fc1bdc7f28538ba613cd3e775516ce8b49","/tourPackages.json":"cef1659db14213f30f4a6ec6331cbf36b1facb0cf36c6e3186b92b26d42ff6f2","/asset-manifest.json":"1f470259ea0a5a1ae21c8a005af4536e4817ff06cd8a0dbafd721eb5b4c78e80","/index.html":"997714fe10a1a3c0c451d922e6d1076cd69467f7348a850d3117ed8eb31194a2","/static/css/main.4a2a8620.chunk.css":"a47934ad6316e4a6a8d9d2c94969d87478cf8b38180147b574dd19ab49fda062","/static/js/2.20d45450.chunk.js.LICENSE.txt":"68b16697969801057d3e0deb105ae8509867a6ae2629d732d8100d885b17e4c5","/static/css/main.4a2a8620.chunk.css.map":"cff9dd2e8f9ca8f286c5f02bfc4a7d08c7900d76a5e60ff2367debfdbd5493a4","/static/js/3.73527bc3.chunk.js":"39197e0f1f973c9ed7f2509ae2c822c4388673bae5bbc51e1d9df69958d8fcdb","/static/js/3.73527bc3.chunk.js.map":"637f7153d624d194b559a2b7b0758fce8d8a179b3060edf63d4c95fb4ca24803","/static/js/main.0ddae17f.chunk.js":"fb61f9df766deec5f60d7dc0cd6187623e77547d11945bd18dc398df05e959f6","/static/js/runtime-main.a2847d4c.js":"a3445326620d6fa1c1efa85b18f5e429cb83f1ce712daf024b842c9a441168d5","/static/js/runtime-main.a2847d4c.js.map":"fbce3ac1ba3224a507f79668b8f7bd4cc409dcb2b2dcd6938f998776497dc697","/static/js/main.0ddae17f.chunk.js.map":"60b709a19aa484f78a838ddda29f270d6e32ca8fe73751f10878465f111aa8b7","/static/css/2.0a9ec390.chunk.css":"e00cd4cd68f8f88e9a664ea068d294785d52d226ae90c6cfe2476e109af734b2","/static/js/2.20d45450.chunk.js":"c88a0a02e68863de9a6743597d9c44f63b7f1ca8b13ce004a35c9330a024fb0c","/static/css/2.0a9ec390.chunk.css.map":"6e3cdf3362e6e01e050aa97c696f365c227135a678ac1bbc7eae52585353ec10","/static/js/2.20d45450.chunk.js.map":"5b89f9ded81d3006c7d3f806689369112a88ce4f1f0a362290f2a4d39c45a972"}}
[debug] [2021-10-30T18:55:47.110Z] <<< [apiv2][status] POST https://firebasehosting.googleapis.com/v1beta1/sites/traveler-c90d6/versions/c7d2eb4227d99ed1:populateFiles 200
[debug] [2021-10-30T18:55:47.111Z] <<< [apiv2][body] POST https://firebasehosting.googleapis.com/v1beta1/sites/traveler-c90d6/versions/c7d2eb4227d99ed1:populateFiles {"uploadRequiredHashes":["997714fe10a1a3c0c451d922e6d1076cd69467f7348a850d3117ed8eb31194a2","a47934ad6316e4a6a8d9d2c94969d87478cf8b38180147b574dd19ab49fda062","cff9dd2e8f9ca8f286c5f02bfc4a7d08c7900d76a5e60ff2367debfdbd5493a4","1f470259ea0a5a1ae21c8a005af4536e4817ff06cd8a0dbafd721eb5b4c78e80"],"uploadUrl":"https://upload-firebasehosting.googleapis.com/upload/sites/traveler-c90d6/versions/c7d2eb4227d99ed1/files"}
[debug] [2021-10-30T18:55:47.112Z] >>> [apiv2][query] POST https://upload-firebasehosting.googleapis.com/upload/sites/traveler-c90d6/versions/c7d2eb4227d99ed1/files/997714fe10a1a3c0c451d922e6d1076cd69467f7348a850d3117ed8eb31194a2 [none]
[debug] [2021-10-30T18:55:47.112Z] >>> [apiv2][body] POST https://upload-firebasehosting.googleapis.com/upload/sites/traveler-c90d6/versions/c7d2eb4227d99ed1/files/997714fe10a1a3c0c451d922e6d1076cd69467f7348a850d3117ed8eb31194a2 [stream]
[debug] [2021-10-30T18:55:47.115Z] >>> [apiv2][query] POST https://upload-firebasehosting.googleapis.com/upload/sites/traveler-c90d6/versions/c7d2eb4227d99ed1/files/a47934ad6316e4a6a8d9d2c94969d87478cf8b38180147b574dd19ab49fda062 [none]
[debug] [2021-10-30T18:55:47.115Z] >>> [apiv2][body] POST https://upload-firebasehosting.googleapis.com/upload/sites/traveler-c90d6/versions/c7d2eb4227d99ed1/files/a47934ad6316e4a6a8d9d2c94969d87478cf8b38180147b574dd19ab49fda062 [stream]
[debug] [2021-10-30T18:55:47.117Z] >>> [apiv2][query] POST https://upload-firebasehosting.googleapis.com/upload/sites/traveler-c90d6/versions/c7d2eb4227d99ed1/files/cff9dd2e8f9ca8f286c5f02bfc4a7d08c7900d76a5e60ff2367debfdbd5493a4 [none]
[debug] [2021-10-30T18:55:47.117Z] >>> [apiv2][body] POST https://upload-firebasehosting.googleapis.com/upload/sites/traveler-c90d6/versions/c7d2eb4227d99ed1/files/cff9dd2e8f9ca8f286c5f02bfc4a7d08c7900d76a5e60ff2367debfdbd5493a4 [stream]
[debug] [2021-10-30T18:55:47.119Z] >>> [apiv2][query] POST https://upload-firebasehosting.googleapis.com/upload/sites/traveler-c90d6/versions/c7d2eb4227d99ed1/files/1f470259ea0a5a1ae21c8a005af4536e4817ff06cd8a0dbafd721eb5b4c78e80 [none]
[debug] [2021-10-30T18:55:47.119Z] >>> [apiv2][body] POST https://upload-firebasehosting.googleapis.com/upload/sites/traveler-c90d6/versions/c7d2eb4227d99ed1/files/1f470259ea0a5a1ae21c8a005af4536e4817ff06cd8a0dbafd721eb5b4c78e80 [stream]
[debug] [2021-10-30T18:55:47.122Z] [hosting][populate queue][FINAL] {"max":3172,"min":3172,"avg":3172,"active":0,"complete":1,"success":1,"errored":0,"retried":0,"total":1,"elapsed":3182}
[debug] [2021-10-30T18:55:47.122Z] [hosting] uploads queued: 4
[debug] [2021-10-30T18:55:49.412Z] <<< [apiv2][status] POST https://upload-firebasehosting.googleapis.com/upload/sites/traveler-c90d6/versions/c7d2eb4227d99ed1/files/a47934ad6316e4a6a8d9d2c94969d87478cf8b38180147b574dd19ab49fda062 200
[debug] [2021-10-30T18:55:49.412Z] <<< [apiv2][body] POST https://upload-firebasehosting.googleapis.com/upload/sites/traveler-c90d6/versions/c7d2eb4227d99ed1/files/a47934ad6316e4a6a8d9d2c94969d87478cf8b38180147b574dd19ab49fda062 [stream]
[debug] [2021-10-30T18:55:49.415Z] <<< [apiv2][status] POST https://upload-firebasehosting.googleapis.com/upload/sites/traveler-c90d6/versions/c7d2eb4227d99ed1/files/cff9dd2e8f9ca8f286c5f02bfc4a7d08c7900d76a5e60ff2367debfdbd5493a4 200
[debug] [2021-10-30T18:55:49.415Z] <<< [apiv2][body] POST https://upload-firebasehosting.googleapis.com/upload/sites/traveler-c90d6/versions/c7d2eb4227d99ed1/files/cff9dd2e8f9ca8f286c5f02bfc4a7d08c7900d76a5e60ff2367debfdbd5493a4 [stream]
[debug] [2021-10-30T18:55:50.230Z] <<< [apiv2][status] POST https://upload-firebasehosting.googleapis.com/upload/sites/traveler-c90d6/versions/c7d2eb4227d99ed1/files/997714fe10a1a3c0c451d922e6d1076cd69467f7348a850d3117ed8eb31194a2 200
[debug] [2021-10-30T18:55:50.230Z] <<< [apiv2][body] POST https://upload-firebasehosting.googleapis.com/upload/sites/traveler-c90d6/versions/c7d2eb4227d99ed1/files/997714fe10a1a3c0c451d922e6d1076cd69467f7348a850d3117ed8eb31194a2 [stream]
[debug] [2021-10-30T18:55:50.232Z] <<< [apiv2][status] POST https://upload-firebasehosting.googleapis.com/upload/sites/traveler-c90d6/versions/c7d2eb4227d99ed1/files/1f470259ea0a5a1ae21c8a005af4536e4817ff06cd8a0dbafd721eb5b4c78e80 200
[debug] [2021-10-30T18:55:50.232Z] <<< [apiv2][body] POST https://upload-firebasehosting.googleapis.com/upload/sites/traveler-c90d6/versions/c7d2eb4227d99ed1/files/1f470259ea0a5a1ae21c8a005af4536e4817ff06cd8a0dbafd721eb5b4c78e80 [stream]
[debug] [2021-10-30T18:55:50.233Z] [hosting][upload queue][FINAL] {"max":3120,"min":2300,"avg":2710.75,"active":0,"complete":4,"success":4,"errored":0,"retried":0,"total":4,"elapsed":3122}
[info] +  hosting[traveler-c90d6]: file upload complete 
[debug] [2021-10-30T18:55:50.234Z] [hosting] deploy completed after 6536ms
[debug] [2021-10-30T18:55:50.238Z] [
  {
    "config": {
      "public": "build",
      "rewrites": [
        {
          "source": "**",
          "destination": "/index.html"
        }
      ],
      "ignore": [
        "firebase.json",
        "**/.*",
        "**/node_modules/**"
      ],
      "site": "traveler-c90d6"
    },
    "site": "traveler-c90d6",
    "version": "sites/traveler-c90d6/versions/c7d2eb4227d99ed1"
  }
]
[info] i  hosting[traveler-c90d6]: finalizing version... 
[debug] [2021-10-30T18:55:50.239Z] > refreshing access token with scopes: ["email","https://www.googleapis.com/auth/cloud-platform","https://www.googleapis.com/auth/cloudplatformprojects.readonly","https://www.googleapis.com/auth/firebase","openid"]
[debug] [2021-10-30T18:55:50.239Z] >>> HTTP REQUEST POST https://www.googleapis.com/oauth2/v3/token  
 <request body omitted>
[debug] [2021-10-30T18:55:51.263Z] <<< HTTP RESPONSE 200 {"expires":"Mon, 01 Jan 1990 00:00:00 GMT","date":"Sat, 30 Oct 2021 18:55:51 GMT","pragma":"no-cache","cache-control":"no-cache, no-store, max-age=0, must-revalidate","content-type":"application/json; charset=utf-8","vary":"X-Origin, Referer, Origin,Accept-Encoding","server":"scaffolding on HTTPServer2","x-xss-protection":"0","x-frame-options":"SAMEORIGIN","x-content-type-options":"nosniff","alt-svc":"h3=\":443\"; ma=2592000,h3-29=\":443\"; ma=2592000,h3-Q050=\":443\"; ma=2592000,h3-Q046=\":443\"; ma=2592000,h3-Q043=\":443\"; ma=2592000,quic=\":443\"; ma=2592000; v=\"46,43\"","accept-ranges":"none","transfer-encoding":"chunked"}
[debug] [2021-10-30T18:55:51.274Z] >>> HTTP REQUEST PATCH https://firebasehosting.googleapis.com/v1beta1/sites/traveler-c90d6/versions/c7d2eb4227d99ed1?updateMask=status  
 {"status":"FINALIZED"}
[debug] [2021-10-30T18:55:53.021Z] <<< HTTP RESPONSE 200 {"content-type":"application/json; charset=UTF-8","vary":"X-Origin, Referer, Origin,Accept-Encoding","date":"Sat, 30 Oct 2021 18:55:53 GMT","server":"ESF","cache-control":"private","x-xss-protection":"0","x-frame-options":"SAMEORIGIN","x-content-type-options":"nosniff","alt-svc":"h3=\":443\"; ma=2592000,h3-29=\":443\"; ma=2592000,h3-Q050=\":443\"; ma=2592000,h3-Q046=\":443\"; ma=2592000,h3-Q043=\":443\"; ma=2592000,quic=\":443\"; ma=2592000; v=\"46,43\"","accept-ranges":"none","transfer-encoding":"chunked"}
[debug] [2021-10-30T18:55:53.022Z] [hosting] finalized version for traveler-c90d6: {"name":"sites/traveler-c90d6/versions/c7d2eb4227d99ed1","status":"FINALIZED","config":{"rewrites":[{"glob":"**","path":"/index.html"}]},"labels":{"deployment-tool":"cli-firebase"},"createTime":"2021-10-30T18:55:44.098587Z","createUser":{"email":"amdadulsikder3@gmail.com"},"finalizeTime":"2021-10-30T18:55:53.677705Z","finalizeUser":{"email":"amdadulsikder3@gmail.com"}}
[info] +  hosting[traveler-c90d6]: version finalized 
[info] i  hosting[traveler-c90d6]: releasing new version... 
[debug] [2021-10-30T18:55:53.025Z] >>> HTTP REQUEST POST https://firebasehosting.googleapis.com/v1beta1/sites/traveler-c90d6/releases?version_name=sites/traveler-c90d6/versions/c7d2eb4227d99ed1  
 {"message":null}
[debug] [2021-10-30T18:55:54.787Z] <<< HTTP RESPONSE 200 {"content-type":"application/json; charset=UTF-8","vary":"X-Origin, Referer, Origin,Accept-Encoding","date":"Sat, 30 Oct 2021 18:55:55 GMT","server":"ESF","cache-control":"private","x-xss-protection":"0","x-frame-options":"SAMEORIGIN","x-content-type-options":"nosniff","alt-svc":"h3=\":443\"; ma=2592000,h3-29=\":443\"; ma=2592000,h3-Q050=\":443\"; ma=2592000,h3-Q046=\":443\"; ma=2592000,h3-Q043=\":443\"; ma=2592000,quic=\":443\"; ma=2592000; v=\"46,43\"","accept-ranges":"none","transfer-encoding":"chunked"}
[debug] [2021-10-30T18:55:54.787Z] [hosting] release: {"name":"sites/traveler-c90d6/releases/1635620154939995","version":{"name":"sites/traveler-c90d6/versions/c7d2eb4227d99ed1","status":"FINALIZED","config":{"rewrites":[{"glob":"**","path":"/index.html"}]},"labels":{"deployment-tool":"cli-firebase"},"createTime":"2021-10-30T18:55:44.098587Z","createUser":{"email":"amdadulsikder3@gmail.com"},"finalizeTime":"2021-10-30T18:55:53.677705Z","finalizeUser":{"email":"amdadulsikder3@gmail.com"}},"type":"DEPLOY","releaseTime":"2021-10-30T18:55:54.939995189Z","releaseUser":{"email":"amdadulsikder3@gmail.com"}}
[info] +  hosting[traveler-c90d6]: release complete 
[info] 
[info] +  Deploy complete! 
[info] 
[info] Project Console: https://console.firebase.google.com/project/traveler-c90d6/overview
[info] Hosting URL: https://traveler-c90d6.web.app
